<?xml version="1.0" encoding="UTF-8"?>
<beans xmlns="http://www.springframework.org/schema/beans"
       xmlns:xsi="http://www.w3.org/2001/XMLSchema-instance"
       xmlns:context="http://www.springframework.org/schema/context"
       xsi:schemaLocation="http://www.springframework.org/schema/beans http://www.springframework.org/schema/beans/spring-beans-3.0.xsd http://www.springframework.org/schema/context http://www.springframework.org/schema/context/spring-context.xsd">

     <context:property-placeholder location="classpath:application.properties" ignore-unresolvable="true"/>

    <bean id="repositoryService" primary="true" class="com.firstlinesoftware.base.test.RepositoryServiceMock"/>
    <bean id="authService" primary="true" class="com.firstlinesoftware.base.test.AuthServiceMock"/>
    <bean id="cacheService" primary="true" class="com.firstlinesoftware.base.test.CacheServiceMock"/>
    <bean id="messageSource" class="org.springframework.context.support.ReloadableResourceBundleMessageSource">
        <property name="basename" value="classpath:messages"/>
        <property name="defaultEncoding" value="UTF-8"/>
    </bean>

    <context:annotation-config/>
    <context:component-scan base-package="com.firstlinesoftware.*.server">
        <context:exclude-filter type="regex" expression=".*\.server\.aspects.*" />
    </context:component-scan>
    <context:component-scan base-package="com.firstlinesoftware.*.test"/>
</beans>